<?xml version="1.0" encoding="UTF-8"?>
<!-- Generated by org.testng.reporters.JUnitXMLReporter -->
<testsuite hostname="Binup-PC" ignored="4" name="Binup-Jewelry-Test" tests="4" failures="1" timestamp="24 May 2017 03:21:14 GMT" time="40.161" errors="0">
  <testcase name="login" time="11.233" classname="com.binupjewelry.tests.LoginAndSearchRingTest"/>
  <testcase name="searchRing" time="6.226" classname="com.binupjewelry.tests.LoginAndSearchRingTest"/>
  <testcase name="BuyRing" time="21.897" classname="com.binupjewelry.tests.BuyRingTest"/>
  <testcase name="FailTestExample" time="0.005" classname="com.binupjewelry.tests.BuyRingTest">
    <failure type="java.lang.AssertionError" message="expected [2] but found [1]">
      <![CDATA[java.lang.AssertionError: expected [2] but found [1]
	at com.binupjewelry.tests.BuyRingTest.FailTestExample(BuyRingTest.java:74)
... Removed 31 stack frames]]>
    </failure>
  </testcase> <!-- FailTestExample -->
  <testcase name="@AfterSuite TearDownTestSuite" time="0.0" classname="com.binupjewelry.tests.TestAnnotations">
    <ignored/>
  </testcase> <!-- @AfterSuite TearDownTestSuite -->
  <testcase name="@AfterSuite TearDownTestSuite" time="0.0" classname="com.binupjewelry.tests.TestAnnotations">
    <ignored/>
  </testcase> <!-- @AfterSuite TearDownTestSuite -->
  <testcase name="@BeforeSuite setupTestSuite" time="0.0" classname="com.binupjewelry.tests.TestAnnotations">
    <ignored/>
  </testcase> <!-- @BeforeSuite setupTestSuite -->
  <testcase name="@BeforeSuite setupTestSuite" time="0.0" classname="com.binupjewelry.tests.TestAnnotations">
    <ignored/>
  </testcase> <!-- @BeforeSuite setupTestSuite -->
</testsuite> <!-- Binup-Jewelry-Test -->
